2014-08-21T15:11:40+02:00 WARN (4): Unknown method Product_Model_Doctrine_Category::getId
2014-09-01T10:21:08+02:00 WARN (4): Unknown record property / related component "SendDates" on "Newsletter_Model_Doctrine_Message"
2014-09-01T10:43:45+02:00 WARN (4): Unknown method Newsletter_Model_Doctrine_Subscriber::getEmail
2014-09-01T10:43:49+02:00 WARN (4): Unknown method Newsletter_Model_Doctrine_Subscriber::getEmail
2014-09-01T10:43:53+02:00 WARN (4): Unknown method Newsletter_Model_Doctrine_Subscriber::getEmail
2014-09-01T10:43:57+02:00 WARN (4): Unknown method Newsletter_Model_Doctrine_Subscriber::getEmail
2014-09-01T10:44:00+02:00 WARN (4): Unknown method Newsletter_Model_Doctrine_Subscriber::getEmail
2014-09-01T10:44:04+02:00 WARN (4): Unknown method Newsletter_Model_Doctrine_Subscriber::getEmail
2014-09-01T10:44:08+02:00 WARN (4): Unknown method Newsletter_Model_Doctrine_Subscriber::getEmail
2014-09-01T10:44:12+02:00 WARN (4): Unknown method Newsletter_Model_Doctrine_Subscriber::getEmail
2014-09-01T10:44:16+02:00 WARN (4): Unknown method Newsletter_Model_Doctrine_Subscriber::getEmail
2014-09-01T10:44:20+02:00 WARN (4): Unknown method Newsletter_Model_Doctrine_Subscriber::getEmail
2014-09-01T10:44:24+02:00 WARN (4): Unknown method Newsletter_Model_Doctrine_Subscriber::getEmail
2014-09-01T10:44:28+02:00 WARN (4): Unknown method Newsletter_Model_Doctrine_Subscriber::getEmail
2014-09-01T10:44:32+02:00 WARN (4): Unknown method Newsletter_Model_Doctrine_Subscriber::getEmail
2014-09-01T10:44:36+02:00 WARN (4): Unknown method Newsletter_Model_Doctrine_Subscriber::getEmail
2014-09-01T10:44:40+02:00 WARN (4): Unknown method Newsletter_Model_Doctrine_Subscriber::getEmail
2014-09-01T10:44:44+02:00 WARN (4): Unknown method Newsletter_Model_Doctrine_Subscriber::getEmail
2014-09-01T10:44:48+02:00 WARN (4): Unknown method Newsletter_Model_Doctrine_Subscriber::getEmail
2014-09-01T10:44:52+02:00 WARN (4): Unknown method Newsletter_Model_Doctrine_Subscriber::getEmail
2014-09-01T10:44:56+02:00 WARN (4): Unknown method Newsletter_Model_Doctrine_Subscriber::getEmail
2014-09-01T10:45:00+02:00 WARN (4): Unknown method Newsletter_Model_Doctrine_Subscriber::getEmail
2014-09-01T10:45:04+02:00 WARN (4): Unknown method Newsletter_Model_Doctrine_Subscriber::getEmail
2014-09-01T10:45:08+02:00 WARN (4): Unknown method Newsletter_Model_Doctrine_Subscriber::getEmail
2014-09-01T10:45:12+02:00 WARN (4): Unknown method Newsletter_Model_Doctrine_Subscriber::getEmail
2014-09-01T10:45:16+02:00 WARN (4): Unknown method Newsletter_Model_Doctrine_Subscriber::getEmail
2014-09-01T10:45:20+02:00 WARN (4): Unknown method Newsletter_Model_Doctrine_Subscriber::getEmail
2014-09-01T10:45:24+02:00 WARN (4): Unknown method Newsletter_Model_Doctrine_Subscriber::getEmail
2014-09-01T10:45:28+02:00 WARN (4): Unknown method Newsletter_Model_Doctrine_Subscriber::getEmail
2014-09-01T10:45:32+02:00 WARN (4): Unknown method Newsletter_Model_Doctrine_Subscriber::getEmail
2014-09-01T10:45:36+02:00 WARN (4): Unknown method Newsletter_Model_Doctrine_Subscriber::getEmail
2014-09-01T10:45:40+02:00 WARN (4): Unknown method Newsletter_Model_Doctrine_Subscriber::getEmail
2014-09-01T10:45:44+02:00 WARN (4): Unknown method Newsletter_Model_Doctrine_Subscriber::getEmail
2014-09-01T10:45:48+02:00 WARN (4): Unknown method Newsletter_Model_Doctrine_Subscriber::getEmail
2014-09-01T10:45:52+02:00 WARN (4): Unknown method Newsletter_Model_Doctrine_Subscriber::getEmail
2014-09-01T10:45:56+02:00 WARN (4): Unknown method Newsletter_Model_Doctrine_Subscriber::getEmail
2014-09-01T10:46:00+02:00 WARN (4): Unknown method Newsletter_Model_Doctrine_Subscriber::getEmail
2014-09-01T10:46:04+02:00 WARN (4): Unknown method Newsletter_Model_Doctrine_Subscriber::getEmail
2014-09-01T10:46:08+02:00 WARN (4): Unknown method Newsletter_Model_Doctrine_Subscriber::getEmail
2014-09-01T10:46:12+02:00 WARN (4): Unknown method Newsletter_Model_Doctrine_Subscriber::getEmail
2014-09-01T10:46:16+02:00 WARN (4): Unknown method Newsletter_Model_Doctrine_Subscriber::getEmail
2014-09-01T10:46:20+02:00 WARN (4): Unknown method Newsletter_Model_Doctrine_Subscriber::getEmail
2014-09-01T10:46:24+02:00 WARN (4): Unknown method Newsletter_Model_Doctrine_Subscriber::getEmail
2014-09-01T10:46:28+02:00 WARN (4): Unknown method Newsletter_Model_Doctrine_Subscriber::getEmail
2014-09-01T10:46:32+02:00 WARN (4): Unknown method Newsletter_Model_Doctrine_Subscriber::getEmail
2014-09-01T10:46:36+02:00 WARN (4): Unknown method Newsletter_Model_Doctrine_Subscriber::getEmail
2014-09-01T10:46:40+02:00 WARN (4): Unknown method Newsletter_Model_Doctrine_Subscriber::getEmail
2014-09-01T10:46:44+02:00 WARN (4): Unknown method Newsletter_Model_Doctrine_Subscriber::getEmail
2014-09-01T10:46:47+02:00 WARN (4): Unknown method Newsletter_Model_Doctrine_Subscriber::getEmail
2014-09-01T10:46:51+02:00 WARN (4): Unknown method Newsletter_Model_Doctrine_Subscriber::getEmail
2014-09-01T10:46:54+02:00 WARN (4): Unknown method Newsletter_Model_Doctrine_Subscriber::getEmail
2014-09-01T10:46:58+02:00 WARN (4): Unknown method Newsletter_Model_Doctrine_Subscriber::getEmail
2014-09-01T10:47:02+02:00 WARN (4): Unknown method Newsletter_Model_Doctrine_Subscriber::getEmail
2014-09-01T10:47:06+02:00 WARN (4): Unknown method Newsletter_Model_Doctrine_Subscriber::getEmail
2014-09-01T10:47:09+02:00 WARN (4): Unknown method Newsletter_Model_Doctrine_Subscriber::getEmail
2014-09-01T10:47:13+02:00 WARN (4): Unknown method Newsletter_Model_Doctrine_Subscriber::getEmail
2014-09-01T10:47:16+02:00 WARN (4): Unknown method Newsletter_Model_Doctrine_Subscriber::getEmail
2014-09-01T10:47:20+02:00 WARN (4): Unknown method Newsletter_Model_Doctrine_Subscriber::getEmail
2014-09-01T10:47:23+02:00 WARN (4): Unknown method Newsletter_Model_Doctrine_Subscriber::getEmail
2014-09-01T10:47:27+02:00 WARN (4): Unknown method Newsletter_Model_Doctrine_Subscriber::getEmail
2014-09-01T10:47:30+02:00 WARN (4): Unknown method Newsletter_Model_Doctrine_Subscriber::getEmail
2014-09-01T10:47:33+02:00 WARN (4): Unknown method Newsletter_Model_Doctrine_Subscriber::getEmail
2014-09-01T10:47:37+02:00 WARN (4): Unknown method Newsletter_Model_Doctrine_Subscriber::getEmail
2014-09-01T10:47:40+02:00 WARN (4): Unknown method Newsletter_Model_Doctrine_Subscriber::getEmail
2014-09-01T10:47:44+02:00 WARN (4): Unknown method Newsletter_Model_Doctrine_Subscriber::getEmail
2014-09-01T10:47:47+02:00 WARN (4): Unknown method Newsletter_Model_Doctrine_Subscriber::getEmail
2014-09-01T10:47:51+02:00 WARN (4): Unknown method Newsletter_Model_Doctrine_Subscriber::getEmail
2014-09-01T10:52:00+02:00 WARN (4): Unknown record property / related component "sent" on "Newsletter_Model_Doctrine_MessageSubscriber"
2014-09-01T13:54:28+02:00 WARN (4): Method toArray does not exist
2014-09-01T14:25:55+02:00 WARN (4): Couldn't find class Attachment_Model_Doctrine_AttachmentTranslation
2014-09-01T14:26:09+02:00 WARN (4): Couldn't find class Attachment_Model_Doctrine_AttachmentTranslation
2014-09-01T14:41:43+02:00 WARN (4): Couldn't find class Attachment_Model_Doctrine_AttachmentTranslation
2014-09-01T14:42:14+02:00 WARN (4): Couldn't find class Attachment_Model_Doctrine_AttachmentTranslation
2014-10-08T10:57:32+02:00 WARN (4): Validation failed in class Slider_Model_Doctrine_Slide

  1 field had validation error:

    * 1 validator failed on news_id (type)

2014-10-14T14:50:36+02:00 WARN (4): Unknown record property / related component "Metatag" on "Censor_Model_Doctrine_Censor"
2014-10-15T08:37:19+02:00 WARN (4): Unknown relation alias Newsletter_Model_Doctrine_MessageProduct
2014-10-15T08:37:47+02:00 WARN (4): Unknown relation alias Newsletter_Model_Doctrine_MessageProduct
2014-10-15T08:41:41+02:00 WARN (4): token is not specified
